  main.cpp
D:\Trackit\Trackit\main.cpp(292,75): warning C4244: 'argument': conversion from '_Ty' to 'T', possible loss of data
D:\Trackit\Trackit\main.cpp(292,75): warning C4244:         with
D:\Trackit\Trackit\main.cpp(292,75): warning C4244:         [
D:\Trackit\Trackit\main.cpp(292,75): warning C4244:             _Ty=double
D:\Trackit\Trackit\main.cpp(292,75): warning C4244:         ]
D:\Trackit\Trackit\main.cpp(292,75): warning C4244:         and
D:\Trackit\Trackit\main.cpp(292,75): warning C4244:         [
D:\Trackit\Trackit\main.cpp(292,75): warning C4244:             T=float
D:\Trackit\Trackit\main.cpp(292,75): warning C4244:         ]
D:\Trackit\Trackit\main.cpp(292,44): warning C4244: 'argument': conversion from '_Ty' to 'T', possible loss of data
D:\Trackit\Trackit\main.cpp(292,44): warning C4244:         with
D:\Trackit\Trackit\main.cpp(292,44): warning C4244:         [
D:\Trackit\Trackit\main.cpp(292,44): warning C4244:             _Ty=double
D:\Trackit\Trackit\main.cpp(292,44): warning C4244:         ]
D:\Trackit\Trackit\main.cpp(292,44): warning C4244:         and
D:\Trackit\Trackit\main.cpp(292,44): warning C4244:         [
D:\Trackit\Trackit\main.cpp(292,44): warning C4244:             T=float
D:\Trackit\Trackit\main.cpp(292,44): warning C4244:         ]
D:\Trackit\Trackit\main.cpp(297,29): warning C4018: '<': signed/unsigned mismatch
  Generating code
  179 of 379 functions (47.2%) were compiled, the rest were copied from previous compilation.
    93 functions were new in current compilation
    47 functions had inline decision re-evaluated but remain unchanged
  Finished generating code
  Trackit.vcxproj -> D:\Trackit\Release\Trackit.exe
